<?xml version="1.0" encoding="UTF-8"?>
<!-- Generated by org.testng.reporters.JUnitReportReporter -->
<testsuite skipped="0" hostname="LAPTOP-GIED2A1G" name="com.speedtail.tests.Test1" tests="1" failures="0" timestamp="07 Nov 2018 12:26:41 GMT" time="4.269" errors="0">
  <testcase name="test" time="4.269" classname="com.speedtail.tests.Test1"/>
</testsuite> <!-- com.speedtail.tests.Test1 -->
